<?xml version="1.0" encoding="UTF-8"?>
<!-- Generated by org.testng.reporters.JUnitReportReporter -->
<testsuite hostname="PiyushaPratik" failures="1" tests="1" name="stepDefinition.Runner" time="6.568" errors="0" timestamp="2025-05-01T05:46:13 IST" skipped="0">
  <testcase classname="stepDefinition.Runner" name="runScenario" time="6.568">
    <failure message="title mismatch--------------- expected [abc@123] but found [Selenium Practice - Student Registration Form]" type="java.lang.AssertionError">
      <![CDATA[java.lang.AssertionError: title mismatch--------------- expected [abc@123] but found [Selenium Practice - Student Registration Form]
at org.testng.Assert.fail(Assert.java:111)
at org.testng.Assert.failNotEquals(Assert.java:1590)
at org.testng.Assert.assertEqualsImpl(Assert.java:150)
at org.testng.Assert.assertEquals(Assert.java:132)
at org.testng.Assert.assertEquals(Assert.java:656)
at stepDefinition.HomeStep.user_enter_the_email(HomeStep.java:33)
at ✽.user enter the email "abc@123"(file:///P:/MyBDDWork/BBDStart/src/test/resources/Features/Home.feature:6)
]]>
    </failure>
  </testcase> <!-- runScenario -->
</testsuite> <!-- stepDefinition.Runner -->
